<!DOCTYPE html PUBLIC "-//W3C//DTD XHTML 1.1//EN" "http://www.w3.org/TR/xhtml11/DTD/xhtml11.dtd">
<html xmlns="http://www.w3.org/1999/xhtml"><head><title>TestNG Report</title><style type="text/css">table {margin-bottom:10px;border-collapse:collapse;empty-cells:show}th,td {border:1px solid #009;padding:.25em .5em}th {vertical-align:bottom}td {vertical-align:top}table a {font-weight:bold}.stripe td {background-color: #E6EBF9}.num {text-align:right}.passedodd td {background-color: #3F3}.passedeven td {background-color: #0A0}.skippedodd td {background-color: #DDD}.skippedeven td {background-color: #CCC}.failedodd td,.attn {background-color: #F33}.failedeven td,.stripe .attn {background-color: #D00}.stacktrace {white-space:pre;font-family:monospace}.totop {font-size:85%;text-align:center;border-bottom:2px solid #000}</style></head><body><table><tr><th>Test</th><th># Passed</th><th># Skipped</th><th># Failed</th><th>Time (ms)</th><th>Included Groups</th><th>Excluded Groups</th></tr><tr><th colspan="7">PROJECT HONEST.COM SET A </th></tr><tr><td><a href="#t0"> FEEDING NAVIGATION </a></td><td class="num">0</td><td class="num attn">1</td><td class="num">0</td><td class="num">1,151</td><td></td><td></td></tr><tr class="stripe"><td><a href="#t1"> PRESS IMAGE SELECT </a></td><td class="num">0</td><td class="num attn">1</td><td class="num">0</td><td class="num">7</td><td></td><td></td></tr><tr><td><a href="#t2"> PRINT LINKS </a></td><td class="num">0</td><td class="num attn">2</td><td class="num">0</td><td class="num">32</td><td></td><td></td></tr><tr><th>Total</th><th class="num">0</th><th class="num attn">4</th><th class="num">0</th><th class="num">1,190</th><th colspan="2"></th></tr></table><table><thead><tr><th>Class</th><th>Method</th><th>Start</th><th>Time (ms)</th></tr></thead><tbody><tr><th colspan="4">PROJECT HONEST.COM SET A </th></tr></tbody><tbody id="t0"><tr><th colspan="4"> FEEDING NAVIGATION  &#8212; failed (configuration methods)</th></tr><tr class="failedeven"><td rowspan="1">framework.testing.Feeding_Navigation</td><td><a href="#m0">start_up</a></td><td rowspan="1">1455084135159</td><td rowspan="1">0</td></tr><tr><th colspan="4"> FEEDING NAVIGATION  &#8212; skipped (configuration methods)</th></tr><tr class="skippedeven"><td rowspan="1">framework.testing.Feeding_Navigation</td><td><a href="#m1">shut_down</a></td><td rowspan="1">1455084136291</td><td rowspan="1">0</td></tr><tr><th colspan="4"> FEEDING NAVIGATION  &#8212; skipped</th></tr><tr class="skippedeven"><td rowspan="1">framework.testing.Feeding_Navigation</td><td><a href="#m2">user_clicks_ourCommitment</a></td><td rowspan="1">1455084136266</td><td rowspan="1">0</td></tr></tbody><tbody id="t1"><tr><th colspan="4"> PRESS IMAGE SELECT  &#8212; failed (configuration methods)</th></tr><tr class="failedeven"><td rowspan="1">framework.testing.Press_Image_Select</td><td><a href="#m3">start_up</a></td><td rowspan="1">1455084136510</td><td rowspan="1">0</td></tr><tr><th colspan="4"> PRESS IMAGE SELECT  &#8212; skipped (configuration methods)</th></tr><tr class="skippedeven"><td rowspan="1">framework.testing.Press_Image_Select</td><td><a href="#m4">shut_down</a></td><td rowspan="1">1455084136516</td><td rowspan="1">0</td></tr><tr><th colspan="4"> PRESS IMAGE SELECT  &#8212; skipped</th></tr><tr class="skippedeven"><td rowspan="1">framework.testing.Press_Image_Select</td><td><a href="#m5">pressImageSelect</a></td><td rowspan="1">1455084136515</td><td rowspan="1">0</td></tr></tbody><tbody id="t2"><tr><th colspan="4"> PRINT LINKS  &#8212; failed (configuration methods)</th></tr><tr class="failedeven"><td rowspan="1">framework.testing.PrintLinks</td><td><a href="#m6">start_up</a></td><td rowspan="1">1455084136528</td><td rowspan="1">0</td></tr><tr><th colspan="4"> PRINT LINKS  &#8212; skipped (configuration methods)</th></tr><tr class="skippedeven"><td rowspan="1">framework.testing.PrintLinks</td><td><a href="#m7">shut_down</a></td><td rowspan="1">1455084136557</td><td rowspan="1">0</td></tr><tr><th colspan="4"> PRINT LINKS  &#8212; skipped</th></tr><tr class="skippedeven"><td rowspan="2">framework.testing.PrintLinks</td><td><a href="#m8">print_AllTheLinks</a></td><td rowspan="1">1455084136534</td><td rowspan="1">0</td></tr><tr class="skippedeven"><td><a href="#m9">print_SpecificLink</a></td><td rowspan="1">1455084136552</td><td rowspan="1">0</td></tr></tbody></table><h2> FEEDING NAVIGATION </h2><h3 id="m0">framework.testing.Feeding_Navigation#start_up</h3><table class="result"><tr><th>Exception</th></tr><tr><td><div class="stacktrace">java.lang.IllegalStateException: The driver executable does not exist: C:\Users\Ali Hamza\Desktop\EclipseWorkspace\Project Honest.com\src\libraries\jar_files\chromedriver.exe
	at com.google.common.base.Preconditions.checkState(Preconditions.java:199)
	at org.openqa.selenium.remote.service.DriverService.checkExecutable(DriverService.java:121)
	at org.openqa.selenium.remote.service.DriverService.findExecutable(DriverService.java:116)
	at org.openqa.selenium.chrome.ChromeDriverService.access$0(ChromeDriverService.java:1)
	at org.openqa.selenium.chrome.ChromeDriverService$Builder.findDefaultExecutable(ChromeDriverService.java:137)
	at org.openqa.selenium.remote.service.DriverService$Builder.build(DriverService.java:296)
	at org.openqa.selenium.chrome.ChromeDriverService.createDefaultService(ChromeDriverService.java:88)
	at org.openqa.selenium.chrome.ChromeDriver.&lt;init&gt;(ChromeDriver.java:116)
	at framework.config.TestCore.startBrowser(TestCore.java:33)
	at framework.testing.Feeding_Navigation.start_up(Feeding_Navigation.java:19)
... Removed 23 stack frames</div></td></tr></table><p class="totop"><a href="#summary">back to summary</a></p><h3 id="m1">framework.testing.Feeding_Navigation#shut_down</h3><table class="result"></table><p class="totop"><a href="#summary">back to summary</a></p><h3 id="m2">framework.testing.Feeding_Navigation#user_clicks_ourCommitment</h3><table class="result"></table><p class="totop"><a href="#summary">back to summary</a></p><h2> PRESS IMAGE SELECT </h2><h3 id="m3">framework.testing.Press_Image_Select#start_up</h3><table class="result"><tr><th>Exception</th></tr><tr><td><div class="stacktrace">java.lang.IllegalStateException: The driver executable does not exist: C:\Users\Ali Hamza\Desktop\EclipseWorkspace\Project Honest.com\src\libraries\jar_files\chromedriver.exe
	at com.google.common.base.Preconditions.checkState(Preconditions.java:199)
	at org.openqa.selenium.remote.service.DriverService.checkExecutable(DriverService.java:121)
	at org.openqa.selenium.remote.service.DriverService.findExecutable(DriverService.java:116)
	at org.openqa.selenium.chrome.ChromeDriverService.access$0(ChromeDriverService.java:1)
	at org.openqa.selenium.chrome.ChromeDriverService$Builder.findDefaultExecutable(ChromeDriverService.java:137)
	at org.openqa.selenium.remote.service.DriverService$Builder.build(DriverService.java:296)
	at org.openqa.selenium.chrome.ChromeDriverService.createDefaultService(ChromeDriverService.java:88)
	at org.openqa.selenium.chrome.ChromeDriver.&lt;init&gt;(ChromeDriver.java:116)
	at framework.config.TestCore.startBrowser(TestCore.java:33)
	at framework.testing.Press_Image_Select.start_up(Press_Image_Select.java:19)
... Removed 23 stack frames</div></td></tr></table><p class="totop"><a href="#summary">back to summary</a></p><h3 id="m4">framework.testing.Press_Image_Select#shut_down</h3><table class="result"></table><p class="totop"><a href="#summary">back to summary</a></p><h3 id="m5">framework.testing.Press_Image_Select#pressImageSelect</h3><table class="result"></table><p class="totop"><a href="#summary">back to summary</a></p><h2> PRINT LINKS </h2><h3 id="m6">framework.testing.PrintLinks#start_up</h3><table class="result"><tr><th>Exception</th></tr><tr><td><div class="stacktrace">java.lang.IllegalStateException: The driver executable does not exist: C:\Users\Ali Hamza\Desktop\EclipseWorkspace\Project Honest.com\src\libraries\jar_files\chromedriver.exe
	at com.google.common.base.Preconditions.checkState(Preconditions.java:199)
	at org.openqa.selenium.remote.service.DriverService.checkExecutable(DriverService.java:121)
	at org.openqa.selenium.remote.service.DriverService.findExecutable(DriverService.java:116)
	at org.openqa.selenium.chrome.ChromeDriverService.access$0(ChromeDriverService.java:1)
	at org.openqa.selenium.chrome.ChromeDriverService$Builder.findDefaultExecutable(ChromeDriverService.java:137)
	at org.openqa.selenium.remote.service.DriverService$Builder.build(DriverService.java:296)
	at org.openqa.selenium.chrome.ChromeDriverService.createDefaultService(ChromeDriverService.java:88)
	at org.openqa.selenium.chrome.ChromeDriver.&lt;init&gt;(ChromeDriver.java:116)
	at framework.config.TestCore.startBrowser(TestCore.java:33)
	at framework.testing.PrintLinks.start_up(PrintLinks.java:19)
... Removed 23 stack frames</div></td></tr></table><p class="totop"><a href="#summary">back to summary</a></p><h3 id="m7">framework.testing.PrintLinks#shut_down</h3><table class="result"></table><p class="totop"><a href="#summary">back to summary</a></p><h3 id="m8">framework.testing.PrintLinks#print_AllTheLinks</h3><table class="result"></table><p class="totop"><a href="#summary">back to summary</a></p><h3 id="m9">framework.testing.PrintLinks#print_SpecificLink</h3><table class="result"><tr><th>Exception</th></tr><tr><td><div class="stacktrace">java.lang.Throwable: Method PrintLinks.print_SpecificLink()[pri:0, instance:framework.testing.PrintLinks@11531931] depends on not successfully finished methods
... Removed 16 stack frames</div></td></tr></table><p class="totop"><a href="#summary">back to summary</a></p></body></html>