<?xml version="1.0" encoding="UTF-8"?>
<testng-results skipped="4" failed="0" total="4" passed="0">
  <reporter-output>
  </reporter-output>
  <suite name="PROJECT HONEST.COM SET A " duration-ms="1416" started-at="2016-02-10T06:02:15Z" finished-at="2016-02-10T06:02:16Z">
    <groups>
    </groups>
    <test name=" FEEDING NAVIGATION " duration-ms="1151" started-at="2016-02-10T06:02:15Z" finished-at="2016-02-10T06:02:16Z">
      <class name="framework.testing.Feeding_Navigation">
        <test-method status="FAIL" signature="start_up()[pri:0, instance:framework.testing.Feeding_Navigation@3ab39c39]" name="start_up" is-config="true" duration-ms="0" started-at="2016-02-09T22:02:15Z" finished-at="2016-02-09T22:02:15Z">
          <exception class="java.lang.IllegalStateException">
            <message>
              <![CDATA[The driver executable does not exist: C:\Users\Ali Hamza\Desktop\EclipseWorkspace\Project Honest.com\src\libraries\jar_files\chromedriver.exe]]>
            </message>
            <full-stacktrace>
              <![CDATA[java.lang.IllegalStateException: The driver executable does not exist: C:\Users\Ali Hamza\Desktop\EclipseWorkspace\Project Honest.com\src\libraries\jar_files\chromedriver.exe
	at com.google.common.base.Preconditions.checkState(Preconditions.java:199)
	at org.openqa.selenium.remote.service.DriverService.checkExecutable(DriverService.java:121)
	at org.openqa.selenium.remote.service.DriverService.findExecutable(DriverService.java:116)
	at org.openqa.selenium.chrome.ChromeDriverService.access$0(ChromeDriverService.java:1)
	at org.openqa.selenium.chrome.ChromeDriverService$Builder.findDefaultExecutable(ChromeDriverService.java:137)
	at org.openqa.selenium.remote.service.DriverService$Builder.build(DriverService.java:296)
	at org.openqa.selenium.chrome.ChromeDriverService.createDefaultService(ChromeDriverService.java:88)
	at org.openqa.selenium.chrome.ChromeDriver.<init>(ChromeDriver.java:116)
	at framework.config.TestCore.startBrowser(TestCore.java:33)
	at framework.testing.Feeding_Navigation.start_up(Feeding_Navigation.java:19)
	at sun.reflect.NativeMethodAccessorImpl.invoke0(Native Method)
	at sun.reflect.NativeMethodAccessorImpl.invoke(NativeMethodAccessorImpl.java:62)
	at sun.reflect.DelegatingMethodAccessorImpl.invoke(DelegatingMethodAccessorImpl.java:43)
	at java.lang.reflect.Method.invoke(Method.java:497)
	at org.testng.internal.MethodInvocationHelper.invokeMethod(MethodInvocationHelper.java:85)
	at org.testng.internal.Invoker.invokeConfigurationMethod(Invoker.java:510)
	at org.testng.internal.Invoker.invokeConfigurations(Invoker.java:211)
	at org.testng.internal.Invoker.invokeConfigurations(Invoker.java:138)
	at org.testng.internal.TestMethodWorker.invokeBeforeClassMethods(TestMethodWorker.java:170)
	at org.testng.internal.TestMethodWorker.run(TestMethodWorker.java:104)
	at org.testng.TestRunner.privateRun(TestRunner.java:774)
	at org.testng.TestRunner.run(TestRunner.java:624)
	at org.testng.SuiteRunner.runTest(SuiteRunner.java:359)
	at org.testng.SuiteRunner.runSequentially(SuiteRunner.java:354)
	at org.testng.SuiteRunner.privateRun(SuiteRunner.java:312)
	at org.testng.SuiteRunner.run(SuiteRunner.java:261)
	at org.testng.SuiteRunnerWorker.runSuite(SuiteRunnerWorker.java:52)
	at org.testng.SuiteRunnerWorker.run(SuiteRunnerWorker.java:86)
	at org.testng.TestNG.runSuitesSequentially(TestNG.java:1215)
	at org.testng.TestNG.runSuitesLocally(TestNG.java:1140)
	at org.testng.TestNG.run(TestNG.java:1048)
	at org.testng.TestNG.privateMain(TestNG.java:1355)
	at org.testng.TestNG.main(TestNG.java:1324)
]]>
            </full-stacktrace>
          </exception> <!-- java.lang.IllegalStateException -->
          <reporter-output>
          </reporter-output>
        </test-method> <!-- start_up -->
        <test-method status="SKIP" signature="user_clicks_ourCommitment()[pri:0, instance:framework.testing.Feeding_Navigation@3ab39c39]" name="user_clicks_ourCommitment" duration-ms="0" started-at="2016-02-09T22:02:16Z" description=" FEEDING NAVIGATION TEST " finished-at="2016-02-09T22:02:16Z">
          <reporter-output>
          </reporter-output>
        </test-method> <!-- user_clicks_ourCommitment -->
        <test-method status="SKIP" signature="shut_down()[pri:0, instance:framework.testing.Feeding_Navigation@3ab39c39]" name="shut_down" is-config="true" duration-ms="0" started-at="2016-02-09T22:02:16Z" finished-at="2016-02-09T22:02:16Z">
          <reporter-output>
          </reporter-output>
        </test-method> <!-- shut_down -->
      </class> <!-- framework.testing.Feeding_Navigation -->
    </test> <!--  FEEDING NAVIGATION  -->
    <test name=" PRESS IMAGE SELECT " duration-ms="7" started-at="2016-02-10T06:02:16Z" finished-at="2016-02-10T06:02:16Z">
      <class name="framework.testing.Press_Image_Select">
        <test-method status="FAIL" signature="start_up()[pri:0, instance:framework.testing.Press_Image_Select@ea4a92b]" name="start_up" is-config="true" duration-ms="0" started-at="2016-02-09T22:02:16Z" finished-at="2016-02-09T22:02:16Z">
          <exception class="java.lang.IllegalStateException">
            <message>
              <![CDATA[The driver executable does not exist: C:\Users\Ali Hamza\Desktop\EclipseWorkspace\Project Honest.com\src\libraries\jar_files\chromedriver.exe]]>
            </message>
            <full-stacktrace>
              <![CDATA[java.lang.IllegalStateException: The driver executable does not exist: C:\Users\Ali Hamza\Desktop\EclipseWorkspace\Project Honest.com\src\libraries\jar_files\chromedriver.exe
	at com.google.common.base.Preconditions.checkState(Preconditions.java:199)
	at org.openqa.selenium.remote.service.DriverService.checkExecutable(DriverService.java:121)
	at org.openqa.selenium.remote.service.DriverService.findExecutable(DriverService.java:116)
	at org.openqa.selenium.chrome.ChromeDriverService.access$0(ChromeDriverService.java:1)
	at org.openqa.selenium.chrome.ChromeDriverService$Builder.findDefaultExecutable(ChromeDriverService.java:137)
	at org.openqa.selenium.remote.service.DriverService$Builder.build(DriverService.java:296)
	at org.openqa.selenium.chrome.ChromeDriverService.createDefaultService(ChromeDriverService.java:88)
	at org.openqa.selenium.chrome.ChromeDriver.<init>(ChromeDriver.java:116)
	at framework.config.TestCore.startBrowser(TestCore.java:33)
	at framework.testing.Press_Image_Select.start_up(Press_Image_Select.java:19)
	at sun.reflect.NativeMethodAccessorImpl.invoke0(Native Method)
	at sun.reflect.NativeMethodAccessorImpl.invoke(NativeMethodAccessorImpl.java:62)
	at sun.reflect.DelegatingMethodAccessorImpl.invoke(DelegatingMethodAccessorImpl.java:43)
	at java.lang.reflect.Method.invoke(Method.java:497)
	at org.testng.internal.MethodInvocationHelper.invokeMethod(MethodInvocationHelper.java:85)
	at org.testng.internal.Invoker.invokeConfigurationMethod(Invoker.java:510)
	at org.testng.internal.Invoker.invokeConfigurations(Invoker.java:211)
	at org.testng.internal.Invoker.invokeConfigurations(Invoker.java:138)
	at org.testng.internal.TestMethodWorker.invokeBeforeClassMethods(TestMethodWorker.java:170)
	at org.testng.internal.TestMethodWorker.run(TestMethodWorker.java:104)
	at org.testng.TestRunner.privateRun(TestRunner.java:774)
	at org.testng.TestRunner.run(TestRunner.java:624)
	at org.testng.SuiteRunner.runTest(SuiteRunner.java:359)
	at org.testng.SuiteRunner.runSequentially(SuiteRunner.java:354)
	at org.testng.SuiteRunner.privateRun(SuiteRunner.java:312)
	at org.testng.SuiteRunner.run(SuiteRunner.java:261)
	at org.testng.SuiteRunnerWorker.runSuite(SuiteRunnerWorker.java:52)
	at org.testng.SuiteRunnerWorker.run(SuiteRunnerWorker.java:86)
	at org.testng.TestNG.runSuitesSequentially(TestNG.java:1215)
	at org.testng.TestNG.runSuitesLocally(TestNG.java:1140)
	at org.testng.TestNG.run(TestNG.java:1048)
	at org.testng.TestNG.privateMain(TestNG.java:1355)
	at org.testng.TestNG.main(TestNG.java:1324)
]]>
            </full-stacktrace>
          </exception> <!-- java.lang.IllegalStateException -->
          <reporter-output>
          </reporter-output>
        </test-method> <!-- start_up -->
        <test-method status="SKIP" signature="pressImageSelect()[pri:0, instance:framework.testing.Press_Image_Select@ea4a92b]" name="pressImageSelect" duration-ms="0" started-at="2016-02-09T22:02:16Z" description=" User clicks Press, then Clicks 2nd Image" finished-at="2016-02-09T22:02:16Z">
          <reporter-output>
          </reporter-output>
        </test-method> <!-- pressImageSelect -->
        <test-method status="SKIP" signature="shut_down()[pri:0, instance:framework.testing.Press_Image_Select@ea4a92b]" name="shut_down" is-config="true" duration-ms="0" started-at="2016-02-09T22:02:16Z" finished-at="2016-02-09T22:02:16Z">
          <reporter-output>
          </reporter-output>
        </test-method> <!-- shut_down -->
      </class> <!-- framework.testing.Press_Image_Select -->
    </test> <!--  PRESS IMAGE SELECT  -->
    <test name=" PRINT LINKS " duration-ms="32" started-at="2016-02-10T06:02:16Z" finished-at="2016-02-10T06:02:16Z">
      <class name="framework.testing.PrintLinks">
        <test-method status="FAIL" signature="start_up()[pri:0, instance:framework.testing.PrintLinks@11531931]" name="start_up" is-config="true" duration-ms="0" started-at="2016-02-09T22:02:16Z" finished-at="2016-02-09T22:02:16Z">
          <exception class="java.lang.IllegalStateException">
            <message>
              <![CDATA[The driver executable does not exist: C:\Users\Ali Hamza\Desktop\EclipseWorkspace\Project Honest.com\src\libraries\jar_files\chromedriver.exe]]>
            </message>
            <full-stacktrace>
              <![CDATA[java.lang.IllegalStateException: The driver executable does not exist: C:\Users\Ali Hamza\Desktop\EclipseWorkspace\Project Honest.com\src\libraries\jar_files\chromedriver.exe
	at com.google.common.base.Preconditions.checkState(Preconditions.java:199)
	at org.openqa.selenium.remote.service.DriverService.checkExecutable(DriverService.java:121)
	at org.openqa.selenium.remote.service.DriverService.findExecutable(DriverService.java:116)
	at org.openqa.selenium.chrome.ChromeDriverService.access$0(ChromeDriverService.java:1)
	at org.openqa.selenium.chrome.ChromeDriverService$Builder.findDefaultExecutable(ChromeDriverService.java:137)
	at org.openqa.selenium.remote.service.DriverService$Builder.build(DriverService.java:296)
	at org.openqa.selenium.chrome.ChromeDriverService.createDefaultService(ChromeDriverService.java:88)
	at org.openqa.selenium.chrome.ChromeDriver.<init>(ChromeDriver.java:116)
	at framework.config.TestCore.startBrowser(TestCore.java:33)
	at framework.testing.PrintLinks.start_up(PrintLinks.java:19)
	at sun.reflect.NativeMethodAccessorImpl.invoke0(Native Method)
	at sun.reflect.NativeMethodAccessorImpl.invoke(NativeMethodAccessorImpl.java:62)
	at sun.reflect.DelegatingMethodAccessorImpl.invoke(DelegatingMethodAccessorImpl.java:43)
	at java.lang.reflect.Method.invoke(Method.java:497)
	at org.testng.internal.MethodInvocationHelper.invokeMethod(MethodInvocationHelper.java:85)
	at org.testng.internal.Invoker.invokeConfigurationMethod(Invoker.java:510)
	at org.testng.internal.Invoker.invokeConfigurations(Invoker.java:211)
	at org.testng.internal.Invoker.invokeConfigurations(Invoker.java:138)
	at org.testng.internal.TestMethodWorker.invokeBeforeClassMethods(TestMethodWorker.java:170)
	at org.testng.internal.TestMethodWorker.run(TestMethodWorker.java:104)
	at org.testng.TestRunner.privateRun(TestRunner.java:774)
	at org.testng.TestRunner.run(TestRunner.java:624)
	at org.testng.SuiteRunner.runTest(SuiteRunner.java:359)
	at org.testng.SuiteRunner.runSequentially(SuiteRunner.java:354)
	at org.testng.SuiteRunner.privateRun(SuiteRunner.java:312)
	at org.testng.SuiteRunner.run(SuiteRunner.java:261)
	at org.testng.SuiteRunnerWorker.runSuite(SuiteRunnerWorker.java:52)
	at org.testng.SuiteRunnerWorker.run(SuiteRunnerWorker.java:86)
	at org.testng.TestNG.runSuitesSequentially(TestNG.java:1215)
	at org.testng.TestNG.runSuitesLocally(TestNG.java:1140)
	at org.testng.TestNG.run(TestNG.java:1048)
	at org.testng.TestNG.privateMain(TestNG.java:1355)
	at org.testng.TestNG.main(TestNG.java:1324)
]]>
            </full-stacktrace>
          </exception> <!-- java.lang.IllegalStateException -->
          <reporter-output>
          </reporter-output>
        </test-method> <!-- start_up -->
        <test-method status="SKIP" signature="print_AllTheLinks()[pri:0, instance:framework.testing.PrintLinks@11531931]" name="print_AllTheLinks" duration-ms="0" started-at="2016-02-09T22:02:16Z" description="USER PRINTS ALL LINKS ON HOMEPAGE" finished-at="2016-02-09T22:02:16Z">
          <reporter-output>
          </reporter-output>
        </test-method> <!-- print_AllTheLinks -->
        <test-method status="SKIP" signature="print_SpecificLink()[pri:0, instance:framework.testing.PrintLinks@11531931]" name="print_SpecificLink" duration-ms="0" started-at="2016-02-09T22:02:16Z" description="USER PRINTS SPECIFIC NUMBER OF LINK (9) " depends-on-methods="framework.testing.PrintLinks.print_AllTheLinks" finished-at="2016-02-09T22:02:16Z">
          <exception class="java.lang.Throwable">
            <message>
              <![CDATA[Method PrintLinks.print_SpecificLink()[pri:0, instance:framework.testing.PrintLinks@11531931] depends on not successfully finished methods]]>
            </message>
            <full-stacktrace>
              <![CDATA[java.lang.Throwable: Method PrintLinks.print_SpecificLink()[pri:0, instance:framework.testing.PrintLinks@11531931] depends on not successfully finished methods
	at org.testng.internal.Invoker.invokeTestMethods(Invoker.java:1033)
	at org.testng.internal.TestMethodWorker.invokeTestMethods(TestMethodWorker.java:125)
	at org.testng.internal.TestMethodWorker.run(TestMethodWorker.java:108)
	at org.testng.TestRunner.privateRun(TestRunner.java:774)
	at org.testng.TestRunner.run(TestRunner.java:624)
	at org.testng.SuiteRunner.runTest(SuiteRunner.java:359)
	at org.testng.SuiteRunner.runSequentially(SuiteRunner.java:354)
	at org.testng.SuiteRunner.privateRun(SuiteRunner.java:312)
	at org.testng.SuiteRunner.run(SuiteRunner.java:261)
	at org.testng.SuiteRunnerWorker.runSuite(SuiteRunnerWorker.java:52)
	at org.testng.SuiteRunnerWorker.run(SuiteRunnerWorker.java:86)
	at org.testng.TestNG.runSuitesSequentially(TestNG.java:1215)
	at org.testng.TestNG.runSuitesLocally(TestNG.java:1140)
	at org.testng.TestNG.run(TestNG.java:1048)
	at org.testng.TestNG.privateMain(TestNG.java:1355)
	at org.testng.TestNG.main(TestNG.java:1324)
]]>
            </full-stacktrace>
          </exception> <!-- java.lang.Throwable -->
          <reporter-output>
          </reporter-output>
        </test-method> <!-- print_SpecificLink -->
        <test-method status="SKIP" signature="shut_down()[pri:0, instance:framework.testing.PrintLinks@11531931]" name="shut_down" is-config="true" duration-ms="0" started-at="2016-02-09T22:02:16Z" finished-at="2016-02-09T22:02:16Z">
          <reporter-output>
          </reporter-output>
        </test-method> <!-- shut_down -->
      </class> <!-- framework.testing.PrintLinks -->
    </test> <!--  PRINT LINKS  -->
  </suite> <!-- PROJECT HONEST.COM SET A  -->
</testng-results>
